{
  message: 'Database is connected successfully',
  level: 'info',
  label: 'info',
  timestamp: '2023-06-11T17:01:41.535Z'
}
{
  level: 'info',
  message: 'Server is running on port = ',
  label: 'info',
  timestamp: '2023-06-11T17:01:41.556Z'
}
{
  message: 'SIGTERM is received',
  level: 'info',
  label: 'info',
  timestamp: '2023-06-11T17:07:24.060Z'
}
{
  message: 'Database is connected successfully',
  level: 'info',
  label: 'info',
  timestamp: '2023-06-11T17:31:14.886Z'
}
{
  level: 'info',
  message: 'Server is running on port = ',
  label: 'info',
  timestamp: '2023-06-11T17:31:14.898Z'
}
{
  message: 'SIGTERM is received',
  level: 'info',
  label: 'info',
  timestamp: '2023-06-11T17:32:46.328Z'
}
{
  message: 'Database is connected successfully',
  level: 'info',
  label: 'info',
  timestamp: '2023-06-11T17:33:57.707Z'
}
{
  level: 'info',
  message: 'Server is running on port = ',
  label: 'info',
  timestamp: '2023-06-11T17:33:57.719Z'
}
{
  message: 'SIGTERM is received',
  level: 'info',
  label: 'info',
  timestamp: '2023-06-11T17:46:51.380Z'
}
