{
  message: 'Database is connected successfully',
  level: 'info',
  label: 'info',
  timestamp: '2023-06-18T05:54:18.885Z'
}
{
  level: 'info',
  message: 'Server is running on port = ',
  label: 'info',
  timestamp: '2023-06-18T05:54:18.916Z'
}
{
  message: 'Database is connected successfully',
  level: 'info',
  label: 'info',
  timestamp: '2023-06-18T05:57:21.810Z'
}
{
  level: 'info',
  message: 'Server is running on port = ',
  label: 'info',
  timestamp: '2023-06-18T05:57:21.822Z'
}
{
  message: 'Database is connected successfully',
  level: 'info',
  label: 'info',
  timestamp: '2023-06-18T05:57:46.184Z'
}
{
  level: 'info',
  message: 'Server is running on port = ',
  label: 'info',
  timestamp: '2023-06-18T05:57:46.194Z'
}
{
  message: 'Database is connected successfully',
  level: 'info',
  label: 'info',
  timestamp: '2023-06-18T05:57:53.158Z'
}
{
  level: 'info',
  message: 'Server is running on port = ',
  label: 'info',
  timestamp: '2023-06-18T05:57:53.180Z'
}
{
  message: 'Database is connected successfully',
  level: 'info',
  label: 'info',
  timestamp: '2023-06-18T05:59:10.747Z'
}
{
  level: 'info',
  message: 'Server is running on port = ',
  label: 'info',
  timestamp: '2023-06-18T05:59:10.757Z'
}
{
  message: 'Database is connected successfully',
  level: 'info',
  label: 'info',
  timestamp: '2023-06-18T05:59:21.544Z'
}
{
  level: 'info',
  message: 'Server is running on port = ',
  label: 'info',
  timestamp: '2023-06-18T05:59:21.558Z'
}
{
  message: 'Database is connected successfully',
  level: 'info',
  label: 'info',
  timestamp: '2023-06-18T05:59:34.510Z'
}
{
  level: 'info',
  message: 'Server is running on port = ',
  label: 'info',
  timestamp: '2023-06-18T05:59:34.520Z'
}
