{
  message: 'Database is connected successfully',
  level: 'info',
  label: 'info',
  timestamp: '2023-09-20T05:26:05.510Z'
}
{
  level: 'info',
  message: 'Server is running on port = ',
  label: 'info',
  timestamp: '2023-09-20T05:26:05.521Z'
}
{
  message: 'Database is connected successfully',
  level: 'info',
  label: 'info',
  timestamp: '2023-09-20T05:36:55.901Z'
}
{
  level: 'info',
  message: 'Server is running on port = ',
  label: 'info',
  timestamp: '2023-09-20T05:36:55.920Z'
}
{
  message: 'Database is connected successfully',
  level: 'info',
  label: 'info',
  timestamp: '2023-09-20T05:37:21.898Z'
}
{
  level: 'info',
  message: 'Server is running on port = ',
  label: 'info',
  timestamp: '2023-09-20T05:37:21.911Z'
}
