{
  message: 'Database is connected successfully',
  level: 'info',
  label: 'info',
  timestamp: '2023-06-25T19:24:13.129Z'
}
{
  level: 'info',
  message: 'Server is running on port = ',
  label: 'info',
  timestamp: '2023-06-25T19:24:13.142Z'
}
{
  message: 'Database is connected successfully',
  level: 'info',
  label: 'info',
  timestamp: '2023-06-25T19:24:29.933Z'
}
{
  level: 'info',
  message: 'Server is running on port = ',
  label: 'info',
  timestamp: '2023-06-25T19:24:29.945Z'
}
{
  message: 'Database is connected successfully',
  level: 'info',
  label: 'info',
  timestamp: '2023-06-25T19:24:44.857Z'
}
{
  level: 'info',
  message: 'Server is running on port = ',
  label: 'info',
  timestamp: '2023-06-25T19:24:44.869Z'
}
{
  message: 'Database is connected successfully',
  level: 'info',
  label: 'info',
  timestamp: '2023-06-25T19:27:21.765Z'
}
{
  level: 'info',
  message: 'Server is running on port = ',
  label: 'info',
  timestamp: '2023-06-25T19:27:21.778Z'
}
{
  message: 'Database is connected successfully',
  level: 'info',
  label: 'info',
  timestamp: '2023-06-25T19:27:51.068Z'
}
{
  level: 'info',
  message: 'Server is running on port = ',
  label: 'info',
  timestamp: '2023-06-25T19:27:51.080Z'
}
{
  message: 'Database is connected successfully',
  level: 'info',
  label: 'info',
  timestamp: '2023-06-25T19:28:48.882Z'
}
{
  level: 'info',
  message: 'Server is running on port = ',
  label: 'info',
  timestamp: '2023-06-25T19:28:48.895Z'
}
{
  message: 'Database is connected successfully',
  level: 'info',
  label: 'info',
  timestamp: '2023-06-25T19:29:51.458Z'
}
{
  level: 'info',
  message: 'Server is running on port = ',
  label: 'info',
  timestamp: '2023-06-25T19:29:51.470Z'
}
{
  message: 'Database is connected successfully',
  level: 'info',
  label: 'info',
  timestamp: '2023-06-25T19:30:02.799Z'
}
{
  level: 'info',
  message: 'Server is running on port = ',
  label: 'info',
  timestamp: '2023-06-25T19:30:02.812Z'
}
{
  message: 'Database is connected successfully',
  level: 'info',
  label: 'info',
  timestamp: '2023-06-25T19:30:11.513Z'
}
{
  level: 'info',
  message: 'Server is running on port = ',
  label: 'info',
  timestamp: '2023-06-25T19:30:11.527Z'
}
{
  message: 'Database is connected successfully',
  level: 'info',
  label: 'info',
  timestamp: '2023-06-25T19:32:18.213Z'
}
{
  level: 'info',
  message: 'Server is running on port = ',
  label: 'info',
  timestamp: '2023-06-25T19:32:18.226Z'
}
{
  message: 'Database is connected successfully',
  level: 'info',
  label: 'info',
  timestamp: '2023-06-25T19:37:01.427Z'
}
{
  level: 'info',
  message: 'Server is running on port = ',
  label: 'info',
  timestamp: '2023-06-25T19:37:01.439Z'
}
{
  message: 'Database is connected successfully',
  level: 'info',
  label: 'info',
  timestamp: '2023-06-25T19:37:36.206Z'
}
{
  level: 'info',
  message: 'Server is running on port = ',
  label: 'info',
  timestamp: '2023-06-25T19:37:36.218Z'
}
{
  message: 'Database is connected successfully',
  level: 'info',
  label: 'info',
  timestamp: '2023-06-25T19:37:53.898Z'
}
{
  level: 'info',
  message: 'Server is running on port = ',
  label: 'info',
  timestamp: '2023-06-25T19:37:53.911Z'
}
{
  message: 'Database is connected successfully',
  level: 'info',
  label: 'info',
  timestamp: '2023-06-25T19:38:21.985Z'
}
{
  level: 'info',
  message: 'Server is running on port = ',
  label: 'info',
  timestamp: '2023-06-25T19:38:21.997Z'
}
{
  message: 'Database is connected successfully',
  level: 'info',
  label: 'info',
  timestamp: '2023-06-25T19:39:04.248Z'
}
{
  level: 'info',
  message: 'Server is running on port = ',
  label: 'info',
  timestamp: '2023-06-25T19:39:04.257Z'
}
{
  message: 'Database is connected successfully',
  level: 'info',
  label: 'info',
  timestamp: '2023-06-25T19:39:54.613Z'
}
{
  level: 'info',
  message: 'Server is running on port = ',
  label: 'info',
  timestamp: '2023-06-25T19:39:54.626Z'
}
{
  message: 'Database is connected successfully',
  level: 'info',
  label: 'info',
  timestamp: '2023-06-25T19:40:15.104Z'
}
{
  level: 'info',
  message: 'Server is running on port = ',
  label: 'info',
  timestamp: '2023-06-25T19:40:15.113Z'
}
{
  message: 'Database is connected successfully',
  level: 'info',
  label: 'info',
  timestamp: '2023-06-25T19:40:41.876Z'
}
{
  level: 'info',
  message: 'Server is running on port = ',
  label: 'info',
  timestamp: '2023-06-25T19:40:41.888Z'
}
{
  message: 'Database is connected successfully',
  level: 'info',
  label: 'info',
  timestamp: '2023-06-25T19:41:36.438Z'
}
{
  level: 'info',
  message: 'Server is running on port = ',
  label: 'info',
  timestamp: '2023-06-25T19:41:36.450Z'
}
{
  message: 'Database is connected successfully',
  level: 'info',
  label: 'info',
  timestamp: '2023-06-25T19:44:47.407Z'
}
{
  level: 'info',
  message: 'Server is running on port = ',
  label: 'info',
  timestamp: '2023-06-25T19:44:47.419Z'
}
{
  message: 'Database is connected successfully',
  level: 'info',
  label: 'info',
  timestamp: '2023-06-25T19:51:44.710Z'
}
{
  level: 'info',
  message: 'Server is running on port = ',
  label: 'info',
  timestamp: '2023-06-25T19:51:44.723Z'
}
{
  message: 'Database is connected successfully',
  level: 'info',
  label: 'info',
  timestamp: '2023-06-25T19:52:27.814Z'
}
{
  level: 'info',
  message: 'Server is running on port = ',
  label: 'info',
  timestamp: '2023-06-25T19:52:27.826Z'
}
{
  message: 'Database is connected successfully',
  level: 'info',
  label: 'info',
  timestamp: '2023-06-25T19:52:40.806Z'
}
{
  level: 'info',
  message: 'Server is running on port = ',
  label: 'info',
  timestamp: '2023-06-25T19:52:40.826Z'
}
{
  message: 'Database is connected successfully',
  level: 'info',
  label: 'info',
  timestamp: '2023-06-25T19:53:16.834Z'
}
{
  level: 'info',
  message: 'Server is running on port = ',
  label: 'info',
  timestamp: '2023-06-25T19:53:16.852Z'
}
{
  message: 'Database is connected successfully',
  level: 'info',
  label: 'info',
  timestamp: '2023-06-25T19:53:40.795Z'
}
{
  level: 'info',
  message: 'Server is running on port = ',
  label: 'info',
  timestamp: '2023-06-25T19:53:40.814Z'
}
