{
  message: 'Database is connected successfully',
  level: 'info',
  label: 'info',
  timestamp: '2023-09-18T18:05:21.343Z'
}
{
  level: 'info',
  message: 'Server is running on port = ',
  label: 'info',
  timestamp: '2023-09-18T18:05:21.361Z'
}
{
  message: 'Database is connected successfully',
  level: 'info',
  label: 'info',
  timestamp: '2023-09-18T18:10:58.163Z'
}
{
  level: 'info',
  message: 'Server is running on port = ',
  label: 'info',
  timestamp: '2023-09-18T18:10:58.188Z'
}
{
  message: 'Database is connected successfully',
  level: 'info',
  label: 'info',
  timestamp: '2023-09-18T18:13:13.115Z'
}
{
  level: 'info',
  message: 'Server is running on port = ',
  label: 'info',
  timestamp: '2023-09-18T18:13:13.128Z'
}
{
  message: 'Database is connected successfully',
  level: 'info',
  label: 'info',
  timestamp: '2023-09-18T18:25:38.720Z'
}
{
  level: 'info',
  message: 'Server is running on port = ',
  label: 'info',
  timestamp: '2023-09-18T18:25:38.738Z'
}
{
  message: 'Database is connected successfully',
  level: 'info',
  label: 'info',
  timestamp: '2023-09-18T18:25:55.812Z'
}
{
  level: 'info',
  message: 'Server is running on port = ',
  label: 'info',
  timestamp: '2023-09-18T18:25:55.829Z'
}
{
  message: 'Database is connected successfully',
  level: 'info',
  label: 'info',
  timestamp: '2023-09-18T18:28:08.641Z'
}
{
  level: 'info',
  message: 'Server is running on port = ',
  label: 'info',
  timestamp: '2023-09-18T18:28:08.652Z'
}
{
  message: 'Database is connected successfully',
  level: 'info',
  label: 'info',
  timestamp: '2023-09-18T18:28:35.628Z'
}
{
  level: 'info',
  message: 'Server is running on port = ',
  label: 'info',
  timestamp: '2023-09-18T18:28:35.637Z'
}
{
  message: 'Database is connected successfully',
  level: 'info',
  label: 'info',
  timestamp: '2023-09-18T18:30:48.817Z'
}
{
  level: 'info',
  message: 'Server is running on port = ',
  label: 'info',
  timestamp: '2023-09-18T18:30:48.837Z'
}
{
  message: 'Database is connected successfully',
  level: 'info',
  label: 'info',
  timestamp: '2023-09-18T18:31:14.209Z'
}
{
  level: 'info',
  message: 'Server is running on port = ',
  label: 'info',
  timestamp: '2023-09-18T18:31:14.229Z'
}
{
  message: 'Database is connected successfully',
  level: 'info',
  label: 'info',
  timestamp: '2023-09-18T18:32:26.366Z'
}
{
  level: 'info',
  message: 'Server is running on port = ',
  label: 'info',
  timestamp: '2023-09-18T18:32:26.386Z'
}
{
  message: 'Database is connected successfully',
  level: 'info',
  label: 'info',
  timestamp: '2023-09-18T18:34:18.407Z'
}
{
  level: 'info',
  message: 'Server is running on port = ',
  label: 'info',
  timestamp: '2023-09-18T18:34:18.431Z'
}
{
  message: 'Database is connected successfully',
  level: 'info',
  label: 'info',
  timestamp: '2023-09-18T18:34:33.546Z'
}
{
  level: 'info',
  message: 'Server is running on port = ',
  label: 'info',
  timestamp: '2023-09-18T18:34:33.584Z'
}
{
  message: 'Database is connected successfully',
  level: 'info',
  label: 'info',
  timestamp: '2023-09-18T18:36:05.913Z'
}
{
  level: 'info',
  message: 'Server is running on port = ',
  label: 'info',
  timestamp: '2023-09-18T18:36:05.936Z'
}
{
  message: 'Database is connected successfully',
  level: 'info',
  label: 'info',
  timestamp: '2023-09-18T18:41:53.569Z'
}
{
  level: 'info',
  message: 'Server is running on port = ',
  label: 'info',
  timestamp: '2023-09-18T18:41:53.584Z'
}
{
  message: 'Database is connected successfully',
  level: 'info',
  label: 'info',
  timestamp: '2023-09-18T18:43:04.558Z'
}
{
  level: 'info',
  message: 'Server is running on port = ',
  label: 'info',
  timestamp: '2023-09-18T18:43:04.568Z'
}
{
  message: 'Database is connected successfully',
  level: 'info',
  label: 'info',
  timestamp: '2023-09-18T18:43:53.765Z'
}
{
  level: 'info',
  message: 'Server is running on port = ',
  label: 'info',
  timestamp: '2023-09-18T18:43:53.788Z'
}
{
  message: 'Database is connected successfully',
  level: 'info',
  label: 'info',
  timestamp: '2023-09-18T18:44:55.414Z'
}
{
  level: 'info',
  message: 'Server is running on port = ',
  label: 'info',
  timestamp: '2023-09-18T18:44:55.429Z'
}
{
  message: 'Database is connected successfully',
  level: 'info',
  label: 'info',
  timestamp: '2023-09-18T18:45:27.042Z'
}
{
  level: 'info',
  message: 'Server is running on port = ',
  label: 'info',
  timestamp: '2023-09-18T18:45:27.070Z'
}
{
  message: 'Database is connected successfully',
  level: 'info',
  label: 'info',
  timestamp: '2023-09-18T18:46:10.589Z'
}
{
  level: 'info',
  message: 'Server is running on port = ',
  label: 'info',
  timestamp: '2023-09-18T18:46:10.601Z'
}
{
  message: 'Database is connected successfully',
  level: 'info',
  label: 'info',
  timestamp: '2023-09-18T18:48:55.063Z'
}
{
  level: 'info',
  message: 'Server is running on port = ',
  label: 'info',
  timestamp: '2023-09-18T18:48:55.119Z'
}
