{
  message: 'Database is connected successfully',
  level: 'info',
  label: 'info',
  timestamp: '2023-06-15T15:14:44.254Z'
}
{
  level: 'info',
  message: 'Server is running on port = ',
  label: 'info',
  timestamp: '2023-06-15T15:14:44.264Z'
}
{
  message: 'Database is connected successfully',
  level: 'info',
  label: 'info',
  timestamp: '2023-06-15T15:14:52.563Z'
}
{
  level: 'info',
  message: 'Server is running on port = ',
  label: 'info',
  timestamp: '2023-06-15T15:14:52.572Z'
}
{
  message: 'Database is connected successfully',
  level: 'info',
  label: 'info',
  timestamp: '2023-06-15T15:15:14.064Z'
}
{
  level: 'info',
  message: 'Server is running on port = ',
  label: 'info',
  timestamp: '2023-06-15T15:15:14.077Z'
}
{
  message: 'Database is connected successfully',
  level: 'info',
  label: 'info',
  timestamp: '2023-06-15T15:36:23.763Z'
}
{
  level: 'info',
  message: 'Server is running on port = ',
  label: 'info',
  timestamp: '2023-06-15T15:36:23.777Z'
}
{
  message: 'Database is connected successfully',
  level: 'info',
  label: 'info',
  timestamp: '2023-06-15T15:45:23.172Z'
}
{
  level: 'info',
  message: 'Server is running on port = ',
  label: 'info',
  timestamp: '2023-06-15T15:45:23.180Z'
}
{
  message: 'Database is connected successfully',
  level: 'info',
  label: 'info',
  timestamp: '2023-06-15T15:46:40.731Z'
}
{
  level: 'info',
  message: 'Server is running on port = ',
  label: 'info',
  timestamp: '2023-06-15T15:46:40.748Z'
}
{
  message: 'Database is connected successfully',
  level: 'info',
  label: 'info',
  timestamp: '2023-06-15T15:49:39.548Z'
}
{
  level: 'info',
  message: 'Server is running on port = ',
  label: 'info',
  timestamp: '2023-06-15T15:49:39.559Z'
}
