{
  message: 'Database is connected successfully',
  level: 'info',
  label: 'info',
  timestamp: '2023-09-18T19:14:23.100Z'
}
{
  level: 'info',
  message: 'Server is running on port = ',
  label: 'info',
  timestamp: '2023-09-18T19:14:23.141Z'
}
{
  message: 'Database is connected successfully',
  level: 'info',
  label: 'info',
  timestamp: '2023-09-18T19:15:44.587Z'
}
{
  level: 'info',
  message: 'Server is running on port = ',
  label: 'info',
  timestamp: '2023-09-18T19:15:44.608Z'
}
{
  message: 'Database is connected successfully',
  level: 'info',
  label: 'info',
  timestamp: '2023-09-18T19:16:28.883Z'
}
{
  level: 'info',
  message: 'Server is running on port = ',
  label: 'info',
  timestamp: '2023-09-18T19:16:28.900Z'
}
