{
  message: 'Database is connected successfully',
  level: 'info',
  label: 'info',
  timestamp: '2023-09-24T09:23:49.087Z'
}
{
  level: 'info',
  message: 'Server is running on port = ',
  label: 'info',
  timestamp: '2023-09-24T09:23:49.104Z'
}
{
  message: 'Database is connected successfully',
  level: 'info',
  label: 'info',
  timestamp: '2023-09-24T09:24:16.647Z'
}
{
  level: 'info',
  message: 'Server is running on port = ',
  label: 'info',
  timestamp: '2023-09-24T09:24:16.733Z'
}
{
  message: 'Database is connected successfully',
  level: 'info',
  label: 'info',
  timestamp: '2023-09-24T09:24:40.638Z'
}
{
  level: 'info',
  message: 'Server is running on port = ',
  label: 'info',
  timestamp: '2023-09-24T09:24:40.661Z'
}
