{
  message: 'Database is connected successfully',
  level: 'info',
  label: 'info',
  timestamp: '2023-06-15T13:31:23.905Z'
}
{
  level: 'info',
  message: 'Server is running on port = ',
  label: 'info',
  timestamp: '2023-06-15T13:31:24.333Z'
}
{
  message: 'SIGTERM is received',
  level: 'info',
  label: 'info',
  timestamp: '2023-06-15T13:32:09.162Z'
}
{
  message: 'Database is connected successfully',
  level: 'info',
  label: 'info',
  timestamp: '2023-06-15T13:32:21.067Z'
}
{
  level: 'info',
  message: 'Server is running on port = ',
  label: 'info',
  timestamp: '2023-06-15T13:32:21.089Z'
}
{
  message: 'SIGTERM is received',
  level: 'info',
  label: 'info',
  timestamp: '2023-06-15T13:32:31.357Z'
}
{
  message: 'Database is connected successfully',
  level: 'info',
  label: 'info',
  timestamp: '2023-06-15T13:32:45.365Z'
}
{
  level: 'info',
  message: 'Server is running on port = ',
  label: 'info',
  timestamp: '2023-06-15T13:32:45.390Z'
}
