{
  errno: undefined,
  code: 'ESERVFAIL',
  syscall: 'querySrv',
  hostname: '_mongodb._tcp.cluster0.4rbsdvz.mongodb.net',
  level: 'error',
  message: 'Failed to connect database querySrv ESERVFAIL _mongodb._tcp.cluster0.4rbsdvz.mongodb.net',
  stack: 'Error: querySrv ESERVFAIL _mongodb._tcp.cluster0.4rbsdvz.mongodb.net\n' +
    '    at QueryReqWrap.onresolve [as oncomplete] (internal/dns/promises.js:172:17)',
  label: 'error',
  timestamp: '2023-06-04T10:11:55.022Z'
}
{
  errno: undefined,
  code: 'ESERVFAIL',
  syscall: 'querySrv',
  hostname: '_mongodb._tcp.cluster0.4rbsdvz.mongodb.net',
  level: 'error',
  message: 'Failed to connect database querySrv ESERVFAIL _mongodb._tcp.cluster0.4rbsdvz.mongodb.net',
  stack: 'Error: querySrv ESERVFAIL _mongodb._tcp.cluster0.4rbsdvz.mongodb.net\n' +
    '    at QueryReqWrap.onresolve [as oncomplete] (internal/dns/promises.js:172:17)',
  label: 'error',
  timestamp: '2023-06-04T10:18:27.188Z'
}
{
  errno: undefined,
  code: 'ESERVFAIL',
  syscall: 'querySrv',
  hostname: '_mongodb._tcp.cluster0.4rbsdvz.mongodb.net',
  level: 'error',
  message: 'Failed to connect database querySrv ESERVFAIL _mongodb._tcp.cluster0.4rbsdvz.mongodb.net',
  stack: 'Error: querySrv ESERVFAIL _mongodb._tcp.cluster0.4rbsdvz.mongodb.net\n' +
    '    at QueryReqWrap.onresolve [as oncomplete] (internal/dns/promises.js:172:17)',
  label: 'error',
  timestamp: '2023-06-04T10:25:08.644Z'
}
