{
  name: 'TokenExpiredError',
  message: 'jwt expired',
  expiredAt: 2023-10-27T16:29:11.000Z,
  level: 'error',
  label: 'error',
  timestamp: '2023-10-27T17:35:57.492Z'
}
{
  name: 'TokenExpiredError',
  message: 'jwt expired',
  expiredAt: 2023-10-27T16:29:11.000Z,
  level: 'error',
  label: 'error',
  timestamp: '2023-10-27T17:45:26.233Z'
}
{
  name: 'TokenExpiredError',
  message: 'jwt expired',
  expiredAt: 2023-10-27T16:29:11.000Z,
  level: 'error',
  label: 'error',
  timestamp: '2023-10-27T17:46:12.475Z'
}
{
  name: 'TokenExpiredError',
  message: 'jwt expired',
  expiredAt: 2023-10-27T17:50:48.000Z,
  level: 'error',
  label: 'error',
  timestamp: '2023-10-27T17:51:25.503Z'
}
{
  name: 'TokenExpiredError',
  message: 'jwt expired',
  expiredAt: 2023-10-27T17:50:48.000Z,
  level: 'error',
  label: 'error',
  timestamp: '2023-10-27T17:52:57.767Z'
}
{
  name: 'TokenExpiredError',
  message: 'jwt expired',
  expiredAt: 2023-10-27T17:50:48.000Z,
  level: 'error',
  label: 'error',
  timestamp: '2023-10-27T17:54:21.841Z'
}
{
  name: 'TokenExpiredError',
  message: 'jwt expired',
  expiredAt: 2023-10-27T17:50:48.000Z,
  level: 'error',
  label: 'error',
  timestamp: '2023-10-27T17:55:24.074Z'
}
{
  name: 'TokenExpiredError',
  message: 'jwt expired',
  expiredAt: 2023-10-27T17:50:48.000Z,
  level: 'error',
  label: 'error',
  timestamp: '2023-10-27T17:56:33.979Z'
}
{
  name: 'TokenExpiredError',
  message: 'jwt expired',
  expiredAt: 2023-10-27T17:50:48.000Z,
  level: 'error',
  label: 'error',
  timestamp: '2023-10-27T17:57:34.271Z'
}
