{
  name: 'TokenExpiredError',
  message: 'jwt expired',
  expiredAt: 2023-10-27T17:50:48.000Z,
  level: 'error',
  label: 'error',
  timestamp: '2023-10-27T18:01:17.086Z'
}
{
  name: 'TokenExpiredError',
  message: 'jwt expired',
  expiredAt: 2023-10-27T18:03:45.000Z,
  level: 'error',
  label: 'error',
  timestamp: '2023-10-27T18:03:54.316Z'
}
{
  name: 'TokenExpiredError',
  message: 'jwt expired',
  expiredAt: 2023-10-27T18:06:19.000Z,
  level: 'error',
  label: 'error',
  timestamp: '2023-10-27T18:21:12.971Z'
}
